\BOOKMARK [0][-]{chapter.1}{\376\377\000S\000u\000m\000m\000a\000r\000y}{}% 1
\BOOKMARK [0][-]{chapter.2}{\376\377\000E\000n\000t\000r\000o\000p\000y\000,\000\040\000R\000e\000l\000a\000t\000i\000v\000e\000\040\000E\000n\000t\000r\000o\000p\000y\000,\000\040\000M\000u\000t\000u\000a\000l\000\040\000I\000n\000f\000o\000r\000m\000a\000t\000i\000o\000n}{}% 2
\BOOKMARK [1][-]{section.2.1}{\376\377\000E\000n\000t\000r\000o\000p\000y}{chapter.2}% 3
\BOOKMARK [1][-]{section.2.2}{\376\377\000R\000e\000l\000a\000t\000i\000v\000e\000\040\000E\000n\000t\000r\000o\000p\000y\000\040\000a\000n\000d\000\040\000M\000u\000t\000u\000a\000l\000\040\000I\000n\000f\000o\000r\000m\000a\000t\000i\000o\000n}{chapter.2}% 4
\BOOKMARK [1][-]{section.2.3}{\376\377\000I\000n\000e\000q\000u\000a\000l\000i\000t\000i\000e\000s}{chapter.2}% 5
\BOOKMARK [1][-]{section.2.4}{\376\377\000S\000u\000f\000f\000i\000c\000i\000e\000n\000t\000\040\000S\000t\000a\000t\000i\000s\000t\000i\000c\000s}{chapter.2}% 6
\BOOKMARK [0][-]{chapter.3}{\376\377\000E\000n\000t\000r\000o\000p\000y\000\040\000R\000a\000t\000e\000s\000\040\000o\000f\000\040\000S\000t\000o\000c\000h\000a\000s\000t\000i\000c\000\040\000P\000r\000o\000c\000e\000s\000s\000e\000s\000*}{}% 7
\BOOKMARK [1][-]{section.3.1}{\376\377\000S\000t\000o\000c\000h\000a\000s\000t\000i\000c\000\040\000P\000r\000o\000c\000e\000s\000s\000e\000s}{chapter.3}% 8
\BOOKMARK [1][-]{section.3.2}{\376\377\000E\000n\000t\000r\000o\000p\000y\000\040\000R\000a\000t\000e\000s\000\040\000o\000f\000\040\000S\000t\000o\000c\000h\000a\000s\000t\000i\000c\000\040\000P\000r\000o\000c\000e\000s\000s\000e\000s}{chapter.3}% 9
\BOOKMARK [0][-]{chapter.4}{\376\377\000D\000a\000t\000a\000\040\000C\000o\000m\000p\000r\000e\000s\000s\000i\000o\000n}{}% 10
\BOOKMARK [1][-]{section.4.1}{\376\377\000C\000o\000d\000e\000s}{chapter.4}% 11
\BOOKMARK [1][-]{section.4.2}{\376\377\000P\000r\000e\000f\000i\000x\000-\000f\000r\000e\000e\000\040\000C\000o\000d\000e}{chapter.4}% 12
\BOOKMARK [1][-]{section.4.3}{\376\377\000H\000u\000f\000f\000m\000a\000n\000\040\000C\000o\000d\000i\000n\000g}{chapter.4}% 13
\BOOKMARK [1][-]{section.4.4}{\376\377\000A\000p\000p\000l\000i\000c\000a\000t\000i\000o\000n\000s\000\040\000o\000f\000\040\000H\000u\000f\000f\000m\000a\000n\000\040\000C\000o\000d\000e}{chapter.4}% 14
\BOOKMARK [0][-]{chapter.5}{\376\377\000A\000s\000y\000m\000p\000t\000o\000t\000i\000c\000\040\000E\000q\000u\000i\000p\000a\000r\000t\000i\000t\000i\000o\000n\000\040\000P\000r\000o\000p\000e\000r\000t\000y}{}% 15
\BOOKMARK [1][-]{section.5.1}{\376\377\000L\000a\000w\000\040\000o\000f\000\040\000L\000a\000r\000g\000e\000\040\000N\000u\000m\000b\000e\000r\000s}{chapter.5}% 16
\BOOKMARK [1][-]{section.5.2}{\376\377\000T\000y\000p\000i\000c\000a\000l\000\040\000S\000e\000q\000u\000e\000n\000c\000e\000,\000\040\000T\000y\000p\000i\000c\000a\000l\000\040\000S\000e\000t}{chapter.5}% 17
\BOOKMARK [1][-]{section.5.3}{\376\377\000C\000o\000n\000s\000e\000q\000u\000e\000n\000c\000e\000s\000\040\000o\000f\000\040\000t\000h\000e\000\040\000A\000E\000P\000:\000\040\000D\000a\000t\000a\000\040\000C\000o\000m\000p\000r\000e\000s\000s\000i\000o\000n}{chapter.5}% 18
\BOOKMARK [1][-]{section.5.4}{\376\377\000S\000m\000a\000l\000l\000e\000s\000t\000\040\000S\000e\000t\000*}{chapter.5}% 19
\BOOKMARK [1][-]{section.5.5}{\376\377\000J\000o\000i\000n\000t\000l\000y\000\040\000T\000y\000p\000i\000c\000a\000l\000\040\000S\000e\000q\000u\000e\000n\000c\000e\000,\000\040\000J\000o\000i\000n\000t\000l\000y\000\040\000T\000y\000p\000i\000c\000a\000l\000\040\000S\000e\000t}{chapter.5}% 20
\BOOKMARK [0][-]{chapter.6}{\376\377\000C\000h\000a\000n\000n\000e\000l\000\040\000C\000a\000p\000a\000c\000i\000t\000y}{}% 21
\BOOKMARK [1][-]{section.6.1}{\376\377\000C\000h\000a\000n\000n\000e\000l\000\040\000E\000n\000c\000o\000d\000i\000n\000g}{chapter.6}% 22
\BOOKMARK [1][-]{section.6.2}{\376\377\000C\000h\000a\000n\000n\000e\000l\000\040\000C\000a\000p\000a\000c\000i\000t\000y}{chapter.6}% 23
\BOOKMARK [1][-]{section.6.3}{\376\377\000F\000a\000n\000o\000'\000s\000\040\000I\000n\000e\000q\000u\000a\000l\000i\000t\000y\000,\000\040\000C\000h\000a\000n\000n\000e\000l\000\040\000C\000o\000d\000i\000n\000g\000\040\000T\000h\000e\000o\000r\000e\000m\000\050\000S\000h\000a\000n\000n\000o\000n\000'\000s\000\040\000S\000e\000c\000o\000n\000d\000\040\000T\000h\000e\000o\000r\000e\000m\000\051}{chapter.6}% 24
\BOOKMARK [1][-]{section.6.4}{\376\377\000H\000a\000m\000m\000i\000n\000g\000\040\000C\000o\000d\000e}{chapter.6}% 25
\BOOKMARK [1][-]{section.6.5}{\376\377\000O\000t\000h\000e\000r\000\040\000c\000o\000d\000e\000s\000*}{chapter.6}% 26
\BOOKMARK [0][-]{chapter.7}{\376\377\000D\000i\000f\000f\000e\000r\000e\000n\000t\000i\000a\000l\000\040\000E\000n\000t\000r\000o\000p\000y}{}% 27
\BOOKMARK [1][-]{section.7.1}{\376\377\000E\000n\000t\000r\000o\000p\000y\000,\000\040\000R\000e\000l\000a\000t\000i\000v\000e\000\040\000E\000n\000t\000r\000o\000p\000y\000,\000\040\000M\000u\000t\000u\000a\000l\000\040\000I\000n\000f\000o\000r\000m\000a\000t\000i\000o\000n}{chapter.7}% 28
\BOOKMARK [1][-]{section.7.2}{\376\377\000A\000E\000P\000\040\000f\000o\000r\000\040\000c\000o\000n\000t\000i\000n\000u\000o\000u\000s\000\040\000R\000a\000n\000d\000o\000m\000\040\000V\000a\000r\000i\000a\000b\000l\000e\000s}{chapter.7}% 29
\BOOKMARK [1][-]{section.7.3}{\376\377\000V\000a\000r\000i\000a\000n\000c\000e\000\040\000L\000i\000m\000i\000t\000e\000d\000\040\000V\000a\000r\000i\000a\000b\000l\000e\000'\000s\000\040\000E\000n\000t\000r\000o\000p\000y}{chapter.7}% 30
\BOOKMARK [0][-]{chapter.8}{\376\377\000G\000a\000u\000s\000s\000i\000a\000n\000\040\000C\000h\000a\000n\000n\000e\000l}{}% 31
\BOOKMARK [1][-]{section.8.1}{\376\377\000G\000a\000u\000s\000s\000i\000a\000n\000\040\000C\000h\000a\000n\000n\000e\000l}{chapter.8}% 32
\BOOKMARK [1][-]{section.8.2}{\376\377\000G\000a\000u\000s\000s\000i\000a\000n\000\040\000C\000h\000a\000n\000n\000e\000l\000s\000\040\000w\000i\000t\000h\000\040\000B\000a\000n\000d\000l\000i\000m\000i\000t\000e\000d\000,\000\040\000P\000a\000r\000a\000l\000l\000e\000l\000,\000\040\000C\000o\000l\000o\000r\000e\000d\000\040\000N\000o\000i\000s\000e}{chapter.8}% 33
\BOOKMARK [0][-]{chapter.9}{\376\377\000R\000a\000t\000e\000\040\000D\000i\000s\000t\000o\000r\000t\000i\000o\000n\000\040\000T\000h\000e\000o\000r\000y\000*}{}% 34
\BOOKMARK [1][-]{section.9.1}{\376\377\000Q\000u\000a\000n\000t\000i\000z\000a\000t\000i\000o\000n}{chapter.9}% 35
\BOOKMARK [1][-]{section.9.2}{\376\377\000R\000a\000t\000e\000\040\000D\000i\000s\000t\000o\000r\000t\000i\000o\000n\000\040\000T\000h\000e\000o\000r\000y}{chapter.9}% 36
\BOOKMARK [0][-]{chapter.10}{\376\377\000I\000n\000f\000o\000r\000m\000a\000t\000i\000o\000n\000\040\000B\000o\000t\000t\000l\000e\000n\000e\000c\000k\000*}{}% 37
\BOOKMARK [0][-]{chapter.11}{\376\377\000A\000p\000p\000e\000n\000d\000i\000x}{}% 38
\BOOKMARK [1][-]{section.11.1}{\376\377\000A\000x\000i\000o\000m\000a\000t\000i\000c\000\040\000d\000e\000f\000i\000n\000i\000t\000i\000o\000n\000\040\000o\000f\000\040\000e\000n\000t\000r\000o\000p\000y}{chapter.11}% 39
